<?xml version="1.0" encoding="UTF-8"?>
<!-- Generated by org.testng.reporters.JUnitReportReporter -->
<testsuite hostname="PSDLAP377" failures="0" tests="1" name="test.ContactUsTabTest" time="74.519" errors="0" timestamp="2024-12-17T17:56:39 IST" skipped="0">
  <testcase classname="test.ContactUsTabTest" name="Validate_SMS_OUTREACH_functionality_click_TC_005" time="74.519"/>
</testsuite> <!-- test.ContactUsTabTest -->
