<?xml version="1.0" encoding="UTF-8"?>
<!-- Generated by org.testng.reporters.JUnitReportReporter -->
<testsuite hostname="PSDLAP349" failures="0" tests="59" name="test.CareersTabTest" time="1430.388" errors="0" timestamp="2025-02-19T22:47:38 IST" skipped="0">
  <testcase classname="test.CareersTabTest" name="TC_001_Validate_Career_Button_Click_" time="24.187"/>
  <testcase classname="test.CareersTabTest" name="TC_002_Validate_currentOpenings_Button_Click_" time="18.796"/>
  <testcase classname="test.CareersTabTest" name="TC_003_Validate_joinus_Button_Click_" time="20.685"/>
  <testcase classname="test.CareersTabTest" name="TC_004_Validate_joinus_Button_Click_" time="22.924"/>
  <testcase classname="test.CareersTabTest" name="TC_005_Validate_knowmoreaboutus_Button_Click_" time="31.197"/>
  <testcase classname="test.CareersTabTest" name="TC_006_Validate_moreaboutus_Button_Click_" time="34.587"/>
  <testcase classname="test.CareersTabTest" name="TC_007_Validate_getintouch_Button_Click_" time="42.757"/>
  <testcase classname="test.CareersTabTest" name="TC_008_Validate_videobtn_Button_Click_" time="24.652"/>
  <testcase classname="test.CareersTabTest" name="TC_009_Validate_contactus_Button_Click_" time="29.184"/>
  <testcase classname="test.CareersTabTest" name="TC_010_Validate_contactuss_Button_Click_" time="30.281"/>
  <testcase classname="test.CareersTabTest" name="TC_011_Validate_more_Button_Click_" time="29.597"/>
  <testcase classname="test.CareersTabTest" name="TC_0012_Validate_viewourjobopenings_Button_Click_" time="19.330"/>
  <testcase classname="test.CareersTabTest" name="TC_0013_Validate_joinuscurrent_Button_Click_" time="30.587"/>
  <testcase classname="test.CareersTabTest" name="TC_0014_Validate_Qualityengineeringlead_Button_Click_" time="20.612"/>
  <testcase classname="test.CareersTabTest" name="TC_0015_Validate_QualityengineeringleadAN_Button_Click_" time="23.033"/>
  <testcase classname="test.CareersTabTest" name="TC_0016_Validate_Qualityengineeringlead2_Button_Click_" time="19.380"/>
  <testcase classname="test.CareersTabTest" name="TC_0017_Validate_Qualityengineeringlead2AN_Button_Click_" time="23.072"/>
  <testcase classname="test.CareersTabTest" name="TC_0018_Validate_QualityengineeringleadSTE_Button_Click_" time="19.570"/>
  <testcase classname="test.CareersTabTest" name="TC_0019_Validate_QualityengineeringleadSTEAN_Button_Click_" time="22.542"/>
  <testcase classname="test.CareersTabTest" name="TC_0020_Validate_clickSeniorQEDataTesting_Button_Click_" time="20.245"/>
  <testcase classname="test.CareersTabTest" name="TC_0021_Validate_clickSeniorQEDataTestingAN_Button_Click_" time="22.926"/>
  <testcase classname="test.CareersTabTest" name="TC_0022_Validate_QELead_Button_Click_" time="22.197"/>
  <testcase classname="test.CareersTabTest" name="TC_0023_Validate_QELeadAN_Button_Click_" time="24.580"/>
  <testcase classname="test.CareersTabTest" name="TC_0024_Validate_SAPSDFunctionalConsultant_Button_Click_" time="20.792"/>
  <testcase classname="test.CareersTabTest" name="TC_0025_Validate_SAPSDFunctionalConsultantAN_Button_Click_" time="27.920"/>
  <testcase classname="test.CareersTabTest" name="TC_0026_Validate_SeniorNet_Button_Click_" time="19.803"/>
  <testcase classname="test.CareersTabTest" name="TC_0027_Validate_SeniorNetAN_Button_Click_" time="21.483"/>
  <testcase classname="test.CareersTabTest" name="TC_0028_Validate_QELeadArchitectIndia_Button_Click_" time="24.563"/>
  <testcase classname="test.CareersTabTest" name="TC_0029_Validate_QELeadArchitectIndiaAN_Button_Click_" time="21.327"/>
  <testcase classname="test.CareersTabTest" name="TC_0030_Validate_PerformanceTesterIndia_Button_Click_" time="20.554"/>
  <testcase classname="test.CareersTabTest" name="TC_0031_PerformanceTesterIndiaAN_Button_Click_" time="21.391"/>
  <testcase classname="test.CareersTabTest" name="TC_0032_DataSciMLEngIndia_Button_Click_" time="23.187"/>
  <testcase classname="test.CareersTabTest" name="TC_0033_DataSciMLEngIndiaAN_Button_Click_" time="22.153"/>
  <testcase classname="test.CareersTabTest" name="TC_0034_clickSeniorQualityAutomationEngineer_Button_Click_" time="22.381"/>
  <testcase classname="test.CareersTabTest" name="TC_0035_clickSeniorQualityAutomationEngineerAN_Button_Click_" time="24.005"/>
  <testcase classname="test.CareersTabTest" name="TC_0036_clickSeniorQualityEngineerIndia_Button_Click_" time="19.885"/>
  <testcase classname="test.CareersTabTest" name="TC_0037_clickSeniorQualityEngineerIndiaAN_Button_Click_" time="21.368"/>
  <testcase classname="test.CareersTabTest" name="Validate_Azure_Developer_India_TC_038" time="20.625"/>
  <testcase classname="test.CareersTabTest" name="Validate__Azure_Developer_India_ApplyNow_TC_039" time="23.009"/>
  <testcase classname="test.CareersTabTest" name="Validate_Fluter_Developer_TC_040" time="19.941"/>
  <testcase classname="test.CareersTabTest" name="Validate__Fluter_Developer_India_ApplyNow_TC_041" time="18.255"/>
  <testcase classname="test.CareersTabTest" name="Validate_Performance_Engineer_India_TC_042" time="20.897"/>
  <testcase classname="test.CareersTabTest" name="Validate_Performance_Engineer_India_ApplyNow_TC_043" time="23.093"/>
  <testcase classname="test.CareersTabTest" name="Validate_ToscaQa_TC_044" time="19.930"/>
  <testcase classname="test.CareersTabTest" name="Validate_ToscaQa_ApplyNow_TC_045" time="23.414"/>
  <testcase classname="test.CareersTabTest" name="Validate_QualityEngineer_TC_046" time="20.871"/>
  <testcase classname="test.CareersTabTest" name="Validate_QualityEngineer_ApplyNow_TC_047" time="23.324"/>
  <testcase classname="test.CareersTabTest" name="Validate_ItProjectManager_TC_048" time="20.532"/>
  <testcase classname="test.CareersTabTest" name="Validate_ItProjectManager_ApplyNow_TC_049" time="24.784"/>
  <testcase classname="test.CareersTabTest" name="Validate_SeniorQualityEngineer_TC_050" time="22.959"/>
  <testcase classname="test.CareersTabTest" name="Validate_SeniorQualityEngineer_ApplyNow_TC_051" time="24.660"/>
  <testcase classname="test.CareersTabTest" name="Validate_QaLead_TC_052" time="20.641"/>
  <testcase classname="test.CareersTabTest" name="Validate_QELead_ApplyNow_TC_053" time="74.848"/>
  <testcase classname="test.CareersTabTest" name="Validate_BusinessIntelligence_TC_054" time="23.149"/>
  <testcase classname="test.CareersTabTest" name="Validate_BusinessIntelligence_ApplyNow_TC_055" time="21.083"/>
  <testcase classname="test.CareersTabTest" name="Validate_SalseforceDeveloper_TC_056" time="26.815"/>
  <testcase classname="test.CareersTabTest" name="Validate_SalseforceDeveloper_ApplyNow_TC_057" time="26.264"/>
  <testcase classname="test.CareersTabTest" name="Validate_RdbmsApplicationDesiger_TC_058" time="20.800"/>
  <testcase classname="test.CareersTabTest" name="Validate_RdbmsApplicationDesiger_ApplyNow_TC_059" time="22.761"/>
</testsuite> <!-- test.CareersTabTest -->
