<?xml version="1.0" encoding="UTF-8"?>
<!-- Generated by org.testng.reporters.JUnitReportReporter -->
<testsuite hostname="PSDLAP349" failures="0" tests="6" name="test.ContactUsTabTest" time="134.463" errors="0" timestamp="2025-02-19T23:51:20 IST" skipped="0">
  <testcase classname="test.ContactUsTabTest" name="Validate_ContactUs_Button_Click_TC_001" time="18.032"/>
  <testcase classname="test.ContactUsTabTest" name="Validate_Form_TC_002" time="22.675"/>
  <testcase classname="test.ContactUsTabTest" name="Validate_JOIN_US_Button_click_TC_003" time="21.806"/>
  <testcase classname="test.ContactUsTabTest" name="Validate_SMS_OUTREACH_Button_click_TC_004" time="21.970"/>
  <testcase classname="test.ContactUsTabTest" name="Validate_SMS_OUTREACH_functionality_click_TC_005" time="26.686"/>
  <testcase classname="test.ContactUsTabTest" name="Validate_LINKEDIN_Button_click_TC_006" time="23.294"/>
</testsuite> <!-- test.ContactUsTabTest -->
