<?xml version="1.0" encoding="UTF-8"?>
<!-- Generated by org.testng.reporters.JUnitReportReporter -->
<testsuite hostname="PSDLAP349" failures="0" tests="1" name="test.HomeTabTest" time="20.727" errors="0" timestamp="2025-02-20T13:24:14 IST" skipped="0">
  <testcase classname="test.HomeTabTest" name="ABOUT_US_HomeTab_TC_008" time="20.727"/>
</testsuite> <!-- test.HomeTabTest -->
