<?xml version="1.0" encoding="UTF-8"?>
<!-- Generated by org.testng.reporters.JUnitReportReporter -->
<testsuite hostname="PSDLAP349" failures="0" tests="10" name="test.BlogsAndInsightsTest" time="259.085" errors="0" timestamp="2025-02-20T13:19:14 IST" skipped="0">
  <testcase classname="test.BlogsAndInsightsTest" name="Validate_BlogsAndInsights_Button_Click_TC_001" time="19.125"/>
  <testcase classname="test.BlogsAndInsightsTest" name="Validate_ReadMoreAboutUs_Button_Click_TC_002" time="24.332"/>
  <testcase classname="test.BlogsAndInsightsTest" name="Validate_ContactUs_Button_Click_TC_003" time="22.863"/>
  <testcase classname="test.BlogsAndInsightsTest" name="Validate_Page_2_Button_Click_TC_004" time="21.300"/>
  <testcase classname="test.BlogsAndInsightsTest" name="Validate_Blog_1_Button_Click_TC_005" time="25.435"/>
  <testcase classname="test.BlogsAndInsightsTest" name="Validate_Blog_2_Button_Click_TC_006" time="36.687"/>
  <testcase classname="test.BlogsAndInsightsTest" name="Validate_Blog_3_Button_Click_TC_007" time="27.066"/>
  <testcase classname="test.BlogsAndInsightsTest" name="Validate_Blog_4_Button_Click_TC_008" time="27.438"/>
  <testcase classname="test.BlogsAndInsightsTest" name="Validate_Blog_4_Button_Click_TC_009" time="27.981"/>
  <testcase classname="test.BlogsAndInsightsTest" name="Validate_Blog_4_Button_Click_TC_010" time="26.858"/>
</testsuite> <!-- test.BlogsAndInsightsTest -->
