<?xml version="1.0" encoding="UTF-8"?>
<!-- Generated by org.testng.reporters.JUnitReportReporter -->
<testsuite hostname="PSDLAP349" failures="0" tests="1" name="test.AboutUsTabTest" time="27.717" errors="0" timestamp="2025-02-20T13:26:00 IST" skipped="0">
  <testcase classname="test.AboutUsTabTest" name="Validate_PRIVACY_POLICY_button_click_TC_009" time="27.717"/>
</testsuite> <!-- test.AboutUsTabTest -->
