<?xml version="1.0" encoding="UTF-8"?>
<!-- Generated by org.testng.reporters.JUnitReportReporter -->
<testsuite hostname="PSDLAP377" failures="0" tests="1" name="test.ServicesTabTest" time="23.725" errors="0" timestamp="2024-12-17T10:57:57 IST" skipped="0">
  <testcase classname="test.ServicesTabTest" name="Validate_CONTACT_US_Button_Click_TC_008" time="23.725"/>
</testsuite> <!-- test.ServicesTabTest -->
