<?xml version="1.0" encoding="UTF-8"?>
<!-- Generated by org.testng.reporters.JUnitReportReporter -->
<testsuite hostname="PSDLAP349" failures="0" tests="1" name="test.AboutUsTabTest" time="33.716" errors="0" timestamp="2025-02-19T16:53:12 IST" skipped="0">
  <testcase classname="test.AboutUsTabTest" name="Validate_CONTACT_US_button_click_TC_006" time="33.716"/>
</testsuite> <!-- test.AboutUsTabTest -->
