<?xml version="1.0" encoding="UTF-8"?>
<!-- Generated by org.testng.reporters.JUnitReportReporter -->
<testsuite hostname="PSDLAP349" failures="0" tests="1" name="test.ServicesTabTest" time="25.528" errors="0" timestamp="2025-02-19T23:42:16 IST" skipped="0">
  <testcase classname="test.ServicesTabTest" name="Validate_LearnMore_STRATEGIC_CONSULTING_Button_Click_TC_007" time="25.528"/>
</testsuite> <!-- test.ServicesTabTest -->
