<?xml version="1.0" encoding="UTF-8"?>
<!-- Generated by org.testng.reporters.JUnitReportReporter -->
<testsuite hostname="PSDLAP377" failures="0" tests="12" name="test.HomeTabTest" time="241.308" errors="0" timestamp="2024-11-25T13:50:33 IST" skipped="0">
  <testcase classname="test.HomeTabTest" name="Home_UI_landing_Page_HomeTab_TC_001" time="16.066"/>
  <testcase classname="test.HomeTabTest" name="Image_Slider_HomeTab_TC_002" time="17.091"/>
  <testcase classname="test.HomeTabTest" name="WE_CAN_HELP_YOUR_BUSINESS_HomeTab_TC_003" time="18.062"/>
  <testcase classname="test.HomeTabTest" name="MORE_ABOUT_US_HomeTab_TC_004" time="24.022"/>
  <testcase classname="test.HomeTabTest" name="GET_IN_TOUCH_HomeTab_TC_005" time="19.531"/>
  <testcase classname="test.HomeTabTest" name="VIEW_ALL_SERVICES_HomeTab_TC_005" time="20.900"/>
  <testcase classname="test.HomeTabTest" name="ARE_YOU_READY_TO_START_HomeTab_TC_005" time="20.406"/>
  <testcase classname="test.HomeTabTest" name="ABOUT_US_HomeTab_TC_005" time="19.457"/>
  <testcase classname="test.HomeTabTest" name="AVAILABLE_JOBS_HomeTab_TC_005" time="18.791"/>
  <testcase classname="test.HomeTabTest" name="CONTACT_US_HomeTab_TC_005" time="23.090"/>
  <testcase classname="test.HomeTabTest" name="Image_Slider_GET_IN_TOUCH_HomeTab_TC_005" time="22.185"/>
  <testcase classname="test.HomeTabTest" name="Image_Slider_FIND_OUT_MORE_ABOUT_US_HomeTab_TC_005" time="21.707"/>
</testsuite> <!-- test.HomeTabTest -->
